Using pre-set license
Built from '2020.3/staging' branch; Version is '2020.3.8f1 (507919d4fff5) revision 5273881'; Using compiler version '192528614'; Build Type 'Release'
OS: 'Windows 10 Home; OS build 19044.1586; Version 2009; 64bit' Language: 'es' Physical Memory: 16301 MB
BatchMode: 1, IsHumanControllingUs: 0, StartBugReporterOnCrash: 0, Is64bit: 1, IsPro: 0

 COMMAND LINE ARGUMENTS:
C:\Program Files\Unity\Hub\Editor\2020.3.8f1\Editor\Unity.exe
-adb2
-batchMode
-noUpm
-name
AssetImportWorker0
-projectPath
C:/Users/Usuario/UnityProyectos/MILF-lords-DeVi
-logFile
Logs/AssetImportWorker0.log
-srvPort
51467
Successfully changed project path to: C:/Users/Usuario/UnityProyectos/MILF-lords-DeVi
C:/Users/Usuario/UnityProyectos/MILF-lords-DeVi
Using Asset Import Pipeline V2.
Refreshing native plugins compatible for Editor in 26.24 ms, found 2 plugins.
Preloading 0 native plugins for Editor in 0.00 ms.
Initialize engine version: 2020.3.8f1 (507919d4fff5)
[Subsystems] Discovering subsystems at path C:/Program Files/Unity/Hub/Editor/2020.3.8f1/Editor/Data/Resources/UnitySubsystems
[Subsystems] Discovering subsystems at path C:/Users/Usuario/UnityProyectos/MILF-lords-DeVi/Assets
GfxDevice: creating device client; threaded=0
Direct3D:
    Version:  Direct3D 11.0 [level 11.1]
    Renderer: NVIDIA GeForce RTX 2060 (ID=0x1f08)
    Vendor:   
    VRAM:     5980 MB
    Driver:   27.21.14.5671
Initialize mono
Mono path[0] = 'C:/Program Files/Unity/Hub/Editor/2020.3.8f1/Editor/Data/Managed'
Mono path[1] = 'C:/Program Files/Unity/Hub/Editor/2020.3.8f1/Editor/Data/MonoBleedingEdge/lib/mono/unityjit'
Mono config path = 'C:/Program Files/Unity/Hub/Editor/2020.3.8f1/Editor/Data/MonoBleedingEdge/etc'
Using monoOptions --debugger-agent=transport=dt_socket,embedding=1,server=y,suspend=n,address=127.0.0.1:56072
Begin MonoManager ReloadAssembly
Registering precompiled unity dll's ...
Register platform support module: C:/Program Files/Unity/Hub/Editor/2020.3.8f1/Editor/Data/PlaybackEngines/WebGLSupport/UnityEditor.WebGL.Extensions.dll
Register platform support module: C:/Program Files/Unity/Hub/Editor/2020.3.8f1/Editor/Data/PlaybackEngines/WindowsStandaloneSupport/UnityEditor.WindowsStandalone.Extensions.dll
Registered in 0.001954 seconds.
Native extension for WindowsStandalone target not found
Native extension for WebGL target not found
Refreshing native plugins compatible for Editor in 25.66 ms, found 2 plugins.
Preloading 0 native plugins for Editor in 0.00 ms.
Mono: successfully reloaded assembly
- Completed reload, in  0.960 seconds
Platform modules already initialized, skipping
Registering precompiled user dll's ...
Registered in 0.004659 seconds.
Begin MonoManager ReloadAssembly
Native extension for WindowsStandalone target not found
Native extension for WebGL target not found
Refreshing native plugins compatible for Editor in 0.49 ms, found 2 plugins.
Preloading 0 native plugins for Editor in 0.00 ms.
Mono: successfully reloaded assembly
- Completed reload, in  0.972 seconds
Platform modules already initialized, skipping
========================================================================
Worker process is ready to serve import requests
Launched and connected shader compiler UnityShaderCompiler.exe after 0.03 seconds
Refreshing native plugins compatible for Editor in 0.32 ms, found 2 plugins.
Preloading 0 native plugins for Editor in 0.00 ms.
Unloading 1399 Unused Serialized files (Serialized files now loaded: 0)
System memory in use before: 64.9 MB.
System memory in use after: 64.9 MB.

Unloading 18 unused Assets to reduce memory usage. Loaded Objects now: 1832.
Total: 1.924200 ms (FindLiveObjects: 0.146400 ms CreateObjectMapping: 0.027800 ms MarkObjects: 1.694400 ms  DeleteObjects: 0.054300 ms)

========================================================================
Received Import Request.
  path: Assets/Scripts/Grabber.cs
  artifactKey: Guid(d6c9894899af66942ba45bc2e68c7b34) Importer(815301076,1909f56bfc062723c751e8b465ee728b)
Start importing Assets/Scripts/Grabber.cs using Guid(d6c9894899af66942ba45bc2e68c7b34) Importer(815301076,1909f56bfc062723c751e8b465ee728b)  -> (artifact id: '8c69bab8138af16ae2096dd6200b17cb') in 0.023971 seconds
  Import took 0.026521 seconds .

========================================================================
Received Prepare
Registering precompiled user dll's ...
Registered in 0.003164 seconds.
Begin MonoManager ReloadAssembly
Native extension for WindowsStandalone target not found
Native extension for WebGL target not found
Refreshing native plugins compatible for Editor in 0.30 ms, found 2 plugins.
Preloading 0 native plugins for Editor in 0.00 ms.
Mono: successfully reloaded assembly
- Completed reload, in  0.794 seconds
Platform modules already initialized, skipping
Refreshing native plugins compatible for Editor in 0.29 ms, found 2 plugins.
Preloading 0 native plugins for Editor in 0.00 ms.
Unloading 1393 Unused Serialized files (Serialized files now loaded: 0)
System memory in use before: 64.7 MB.
System memory in use after: 64.8 MB.

Unloading 13 unused Assets to reduce memory usage. Loaded Objects now: 1834.
Total: 1.989600 ms (FindLiveObjects: 0.153600 ms CreateObjectMapping: 0.034700 ms MarkObjects: 1.774600 ms  DeleteObjects: 0.025200 ms)

========================================================================
Received Import Request.
  Time since last request: 488.891567 seconds.
  path: Assets/Prefabs/PC Computer - League of Legends - Xayah
  artifactKey: Guid(c8c9a729205d64543bf015fd9939d36a) Importer(815301076,1909f56bfc062723c751e8b465ee728b)
Start importing Assets/Prefabs/PC Computer - League of Legends - Xayah using Guid(c8c9a729205d64543bf015fd9939d36a) Importer(815301076,1909f56bfc062723c751e8b465ee728b)  -> (artifact id: '80147090731ec9f7e01b902ab5ddfd69') in 0.008063 seconds
  Import took 0.010218 seconds .

========================================================================
Received Import Request.
  Time since last request: 0.083037 seconds.
  path: Assets/Prefabs/PC Computer - League of Legends - Xayah/Xayah.obj
  artifactKey: Guid(0042e07c1e5693343a790872f7ba455b) Importer(815301076,1909f56bfc062723c751e8b465ee728b)
Start importing Assets/Prefabs/PC Computer - League of Legends - Xayah/Xayah.obj using Guid(0042e07c1e5693343a790872f7ba455b) Importer(815301076,1909f56bfc062723c751e8b465ee728b)  -> (artifact id: '84e48cccd7571fe7401759fd5c3c3c08') in 0.134450 seconds
  Import took 0.136691 seconds .

========================================================================
Received Import Request.
  Time since last request: 0.000189 seconds.
  path: Assets/Prefabs/PC Computer - League of Legends - Xayah/Xayah_base_TX_CM.png
  artifactKey: Guid(4e8d4f90f12b6d242a52064e43ff63ff) Importer(815301076,1909f56bfc062723c751e8b465ee728b)
Start importing Assets/Prefabs/PC Computer - League of Legends - Xayah/Xayah_base_TX_CM.png using Guid(4e8d4f90f12b6d242a52064e43ff63ff) Importer(815301076,1909f56bfc062723c751e8b465ee728b)  -> (artifact id: '18a42746fe1ebdca205f3caf323e2026') in 0.023090 seconds
  Import took 0.025168 seconds .

========================================================================
Received Import Request.
  Time since last request: 0.000140 seconds.
  path: Assets/Prefabs/PC Computer - League of Legends - Xayah/Xayah_Base_Wing_TX_CM.png
  artifactKey: Guid(cff0c846c3dfe4348aa1e958044df6c8) Importer(815301076,1909f56bfc062723c751e8b465ee728b)
Start importing Assets/Prefabs/PC Computer - League of Legends - Xayah/Xayah_Base_Wing_TX_CM.png using Guid(cff0c846c3dfe4348aa1e958044df6c8) Importer(815301076,1909f56bfc062723c751e8b465ee728b)  -> (artifact id: '8f3769c21c054c562811aa661bad1540') in 0.008871 seconds
  Import took 0.011016 seconds .

========================================================================
Received Import Request.
  Time since last request: 194.408344 seconds.
  path: Assets/Prefabs/PC Computer - League of Legends - Xayah/Xayah.obj
  artifactKey: Guid(0042e07c1e5693343a790872f7ba455b) Importer(815301076,1909f56bfc062723c751e8b465ee728b)
Start importing Assets/Prefabs/PC Computer - League of Legends - Xayah/Xayah.obj using Guid(0042e07c1e5693343a790872f7ba455b) Importer(815301076,1909f56bfc062723c751e8b465ee728b)  -> (artifact id: 'afc9c359e3afdf3408ad0500d1cd73cc') in 0.031609 seconds
  Import took 0.034265 seconds .

========================================================================
Received Import Request.
  Time since last request: 438.538805 seconds.
  path: Assets/Prefabs/LittleShip.prefab
  artifactKey: Guid(fe9f3e68ad0e70f4da8a7eafedc191ab) Importer(815301076,1909f56bfc062723c751e8b465ee728b)
Start importing Assets/Prefabs/LittleShip.prefab using Guid(fe9f3e68ad0e70f4da8a7eafedc191ab) Importer(815301076,1909f56bfc062723c751e8b465ee728b)  -> (artifact id: '1c4e7c4313e361e5d9f9711d8f12e6a9') in 0.012209 seconds
  Import took 0.014492 seconds .

========================================================================
Received Import Request.
  Time since last request: 67.781220 seconds.
  path: Assets/Prefabs/Enemies
  artifactKey: Guid(bc7943335df92d3458f232583dfe7748) Importer(815301076,1909f56bfc062723c751e8b465ee728b)
Start importing Assets/Prefabs/Enemies using Guid(bc7943335df92d3458f232583dfe7748) Importer(815301076,1909f56bfc062723c751e8b465ee728b)  -> (artifact id: 'cb782707229202fbc6ad7dd18aed8fa9') in 0.004763 seconds
  Import took 0.006770 seconds .

========================================================================
Received Import Request.
  Time since last request: 0.049712 seconds.
  path: Assets/Prefabs/Enemies/Asteroid.prefab
  artifactKey: Guid(c86d4c399b05ce143a93f972d232b65b) Importer(815301076,1909f56bfc062723c751e8b465ee728b)
Start importing Assets/Prefabs/Enemies/Asteroid.prefab using Guid(c86d4c399b05ce143a93f972d232b65b) Importer(815301076,1909f56bfc062723c751e8b465ee728b)  -> (artifact id: 'f570660e9cfbdbdd9de0948f2c83670c') in 0.007263 seconds
  Import took 0.009516 seconds .

========================================================================
Received Import Request.
  Time since last request: 0.000164 seconds.
  path: Assets/Prefabs/Enemies/BigShip.prefab
  artifactKey: Guid(f198eb97158a10e47b19c6727ce0cfd2) Importer(815301076,1909f56bfc062723c751e8b465ee728b)
Start importing Assets/Prefabs/Enemies/BigShip.prefab using Guid(f198eb97158a10e47b19c6727ce0cfd2) Importer(815301076,1909f56bfc062723c751e8b465ee728b)  -> (artifact id: 'df1b83eaf3de7578dee4dc27d2f7cf05') in 0.007465 seconds
  Import took 0.009714 seconds .

========================================================================
Received Import Request.
  Time since last request: 0.000197 seconds.
  path: Assets/Prefabs/Enemies/EnemyBullet.prefab
  artifactKey: Guid(a365151b3dbaa4b4fb20ab0fbc3ef7ba) Importer(815301076,1909f56bfc062723c751e8b465ee728b)
Start importing Assets/Prefabs/Enemies/EnemyBullet.prefab using Guid(a365151b3dbaa4b4fb20ab0fbc3ef7ba) Importer(815301076,1909f56bfc062723c751e8b465ee728b)  -> (artifact id: 'd7fc5899eb076a89d17b3ff52f5a06fc') in 0.010881 seconds
  Import took 0.013057 seconds .

========================================================================
Received Import Request.
  Time since last request: 0.000170 seconds.
  path: Assets/Prefabs/Enemies/MediumShip.prefab
  artifactKey: Guid(9d7cc68730777b349871e8d798ec7d13) Importer(815301076,1909f56bfc062723c751e8b465ee728b)
Start importing Assets/Prefabs/Enemies/MediumShip.prefab using Guid(9d7cc68730777b349871e8d798ec7d13) Importer(815301076,1909f56bfc062723c751e8b465ee728b)  -> (artifact id: '3cfe1c1e842b7f299fc165c4158a179a') in 0.007557 seconds
  Import took 0.009868 seconds .

========================================================================
Received Import Request.
  Time since last request: 0.000135 seconds.
  path: Assets/Prefabs/Enemies/LittleShip.prefab
  artifactKey: Guid(a88b742eaa5ccd047a375bc59b52a280) Importer(815301076,1909f56bfc062723c751e8b465ee728b)
Start importing Assets/Prefabs/Enemies/LittleShip.prefab using Guid(a88b742eaa5ccd047a375bc59b52a280) Importer(815301076,1909f56bfc062723c751e8b465ee728b)  -> (artifact id: '1baca079b78277fc8f626f1b4e0d5de5') in 0.006166 seconds
  Import took 0.008553 seconds .

========================================================================
Received Import Request.
  Time since last request: 52.950601 seconds.
  path: Assets/Prefabs/PC Computer - League of Legends - Xayah/Xayah.obj
  artifactKey: Guid(0042e07c1e5693343a790872f7ba455b) Importer(815301076,1909f56bfc062723c751e8b465ee728b)
Start importing Assets/Prefabs/PC Computer - League of Legends - Xayah/Xayah.obj using Guid(0042e07c1e5693343a790872f7ba455b) Importer(815301076,1909f56bfc062723c751e8b465ee728b)  -> (artifact id: '8e64b2568e165911650143866e915690') in 0.033854 seconds
  Import took 0.037297 seconds .

========================================================================
Received Import Request.
  Time since last request: 17.367854 seconds.
  path: Assets/Prefabs/PC Computer - League of Legends - Xayah/Xayah.obj
  artifactKey: Guid(0042e07c1e5693343a790872f7ba455b) Importer(815301076,1909f56bfc062723c751e8b465ee728b)
Start importing Assets/Prefabs/PC Computer - League of Legends - Xayah/Xayah.obj using Guid(0042e07c1e5693343a790872f7ba455b) Importer(815301076,1909f56bfc062723c751e8b465ee728b)  -> (artifact id: '1f19940bd7ed8f2d454b4e9401376440') in 0.030104 seconds
  Import took 0.032482 seconds .

========================================================================
Received Prepare
Registering precompiled user dll's ...
Registered in 0.002963 seconds.
Begin MonoManager ReloadAssembly
Native extension for WindowsStandalone target not found
Native extension for WebGL target not found
Refreshing native plugins compatible for Editor in 0.29 ms, found 2 plugins.
Preloading 0 native plugins for Editor in 0.00 ms.
Mono: successfully reloaded assembly
- Completed reload, in  0.823 seconds
Platform modules already initialized, skipping
Refreshing native plugins compatible for Editor in 0.33 ms, found 2 plugins.
Preloading 0 native plugins for Editor in 0.00 ms.
Unloading 1393 Unused Serialized files (Serialized files now loaded: 0)
System memory in use before: 68.3 MB.
System memory in use after: 68.4 MB.

Unloading 13 unused Assets to reduce memory usage. Loaded Objects now: 1881.
Total: 1.755600 ms (FindLiveObjects: 0.173300 ms CreateObjectMapping: 0.033100 ms MarkObjects: 1.533000 ms  DeleteObjects: 0.015200 ms)

========================================================================
Received Prepare
Registering precompiled user dll's ...
Registered in 0.003118 seconds.
Begin MonoManager ReloadAssembly
Native extension for WindowsStandalone target not found
Native extension for WebGL target not found
Refreshing native plugins compatible for Editor in 0.33 ms, found 2 plugins.
Preloading 0 native plugins for Editor in 0.00 ms.
Mono: successfully reloaded assembly
- Completed reload, in  0.814 seconds
Platform modules already initialized, skipping
Refreshing native plugins compatible for Editor in 0.31 ms, found 2 plugins.
Preloading 0 native plugins for Editor in 0.00 ms.
Unloading 1393 Unused Serialized files (Serialized files now loaded: 0)
System memory in use before: 68.3 MB.
System memory in use after: 68.4 MB.

Unloading 13 unused Assets to reduce memory usage. Loaded Objects now: 1883.
Total: 1.955800 ms (FindLiveObjects: 0.160200 ms CreateObjectMapping: 0.029000 ms MarkObjects: 1.749300 ms  DeleteObjects: 0.015900 ms)

========================================================================
Received Prepare
Registering precompiled user dll's ...
Registered in 0.002915 seconds.
Begin MonoManager ReloadAssembly
Native extension for WindowsStandalone target not found
Native extension for WebGL target not found
Refreshing native plugins compatible for Editor in 0.29 ms, found 2 plugins.
Preloading 0 native plugins for Editor in 0.00 ms.
Mono: successfully reloaded assembly
- Completed reload, in  0.832 seconds
Platform modules already initialized, skipping
Refreshing native plugins compatible for Editor in 0.29 ms, found 2 plugins.
Preloading 0 native plugins for Editor in 0.00 ms.
Unloading 1393 Unused Serialized files (Serialized files now loaded: 0)
System memory in use before: 68.3 MB.
System memory in use after: 68.4 MB.

Unloading 13 unused Assets to reduce memory usage. Loaded Objects now: 1885.
Total: 1.886100 ms (FindLiveObjects: 0.146000 ms CreateObjectMapping: 0.032600 ms MarkObjects: 1.690100 ms  DeleteObjects: 0.016000 ms)

========================================================================
Received Import Request.
  Time since last request: 459.248860 seconds.
  path: Assets/Prefabs/PC Computer - League of Legends - Xayah/Xayah.mtl
  artifactKey: Guid(e6b4e6081443efb42997f0c7c7307805) Importer(815301076,1909f56bfc062723c751e8b465ee728b)
Start importing Assets/Prefabs/PC Computer - League of Legends - Xayah/Xayah.mtl using Guid(e6b4e6081443efb42997f0c7c7307805) Importer(815301076,1909f56bfc062723c751e8b465ee728b)  -> (artifact id: '2ed46e336b25813b1094cad6fa428e3c') in 0.013874 seconds
  Import took 0.016057 seconds .

========================================================================
Received Import Request.
  Time since last request: 71.771539 seconds.
  path: Assets/Prefabs/EjemploPrueba.prefab
  artifactKey: Guid(2d07fc323d98bb14ba4e5d196cbbbefd) Importer(815301076,1909f56bfc062723c751e8b465ee728b)
Start importing Assets/Prefabs/EjemploPrueba.prefab using Guid(2d07fc323d98bb14ba4e5d196cbbbefd) Importer(815301076,1909f56bfc062723c751e8b465ee728b)  -> (artifact id: '7a103de0b1d11e60a3d6510a35c7b7d1') in 0.038711 seconds
  Import took 0.041013 seconds .

========================================================================
Received Import Request.
  Time since last request: 0.001864 seconds.
  path: Assets/Prefabs/EjemploPrueba.prefab
  artifactKey: Guid(2d07fc323d98bb14ba4e5d196cbbbefd) Importer(815301076,1909f56bfc062723c751e8b465ee728b)
Start importing Assets/Prefabs/EjemploPrueba.prefab using Guid(2d07fc323d98bb14ba4e5d196cbbbefd) Importer(815301076,1909f56bfc062723c751e8b465ee728b)  -> (artifact id: '7a103de0b1d11e60a3d6510a35c7b7d1') in 0.005940 seconds
  Import took 0.007745 seconds .

========================================================================
Received Import Request.
  Time since last request: 23.176767 seconds.
  path: Assets/Prefabs/EjemploPrueba.prefab
  artifactKey: Guid(2d07fc323d98bb14ba4e5d196cbbbefd) Importer(815301076,1909f56bfc062723c751e8b465ee728b)
Start importing Assets/Prefabs/EjemploPrueba.prefab using Guid(2d07fc323d98bb14ba4e5d196cbbbefd) Importer(815301076,1909f56bfc062723c751e8b465ee728b)  -> (artifact id: '2f5b066f148622e6754d08dbc1afa1e3') in 0.006497 seconds
  Import took 0.008658 seconds .

========================================================================
Received Import Request.
  Time since last request: 0.000751 seconds.
  path: Assets/Prefabs/EjemploPrueba.prefab
  artifactKey: Guid(2d07fc323d98bb14ba4e5d196cbbbefd) Importer(815301076,1909f56bfc062723c751e8b465ee728b)
Start importing Assets/Prefabs/EjemploPrueba.prefab using Guid(2d07fc323d98bb14ba4e5d196cbbbefd) Importer(815301076,1909f56bfc062723c751e8b465ee728b)  -> (artifact id: '2f5b066f148622e6754d08dbc1afa1e3') in 0.005691 seconds
  Import took 0.007821 seconds .

========================================================================
Received Prepare
Registering precompiled user dll's ...
Registered in 0.002830 seconds.
Begin MonoManager ReloadAssembly
Native extension for WindowsStandalone target not found
Native extension for WebGL target not found
Refreshing native plugins compatible for Editor in 0.51 ms, found 2 plugins.
Preloading 0 native plugins for Editor in 0.00 ms.
Mono: successfully reloaded assembly
- Completed reload, in  0.845 seconds
Platform modules already initialized, skipping
Refreshing native plugins compatible for Editor in 0.41 ms, found 2 plugins.
Preloading 0 native plugins for Editor in 0.00 ms.
Unloading 1393 Unused Serialized files (Serialized files now loaded: 0)
System memory in use before: 68.4 MB.
System memory in use after: 68.5 MB.

Unloading 14 unused Assets to reduce memory usage. Loaded Objects now: 1889.
Total: 1.907200 ms (FindLiveObjects: 0.158400 ms CreateObjectMapping: 0.031400 ms MarkObjects: 1.699000 ms  DeleteObjects: 0.017200 ms)

========================================================================
Received Prepare
Registering precompiled user dll's ...
Registered in 0.002845 seconds.
Begin MonoManager ReloadAssembly
Native extension for WindowsStandalone target not found
Native extension for WebGL target not found
Refreshing native plugins compatible for Editor in 0.29 ms, found 2 plugins.
Preloading 0 native plugins for Editor in 0.00 ms.
Mono: successfully reloaded assembly
- Completed reload, in  0.841 seconds
Platform modules already initialized, skipping
Refreshing native plugins compatible for Editor in 0.30 ms, found 2 plugins.
Preloading 0 native plugins for Editor in 0.00 ms.
Unloading 1393 Unused Serialized files (Serialized files now loaded: 0)
System memory in use before: 68.4 MB.
System memory in use after: 68.5 MB.

Unloading 13 unused Assets to reduce memory usage. Loaded Objects now: 1891.
Total: 1.932200 ms (FindLiveObjects: 0.162500 ms CreateObjectMapping: 0.033000 ms MarkObjects: 1.718100 ms  DeleteObjects: 0.017900 ms)

========================================================================
Received Prepare
Registering precompiled user dll's ...
Registered in 0.002895 seconds.
Begin MonoManager ReloadAssembly
Native extension for WindowsStandalone target not found
Native extension for WebGL target not found
Refreshing native plugins compatible for Editor in 0.31 ms, found 2 plugins.
Preloading 0 native plugins for Editor in 0.00 ms.
Mono: successfully reloaded assembly
- Completed reload, in  0.783 seconds
Platform modules already initialized, skipping
Refreshing native plugins compatible for Editor in 0.28 ms, found 2 plugins.
Preloading 0 native plugins for Editor in 0.00 ms.
Unloading 1393 Unused Serialized files (Serialized files now loaded: 0)
System memory in use before: 68.4 MB.
System memory in use after: 68.5 MB.

Unloading 13 unused Assets to reduce memory usage. Loaded Objects now: 1893.
Total: 1.758400 ms (FindLiveObjects: 0.152100 ms CreateObjectMapping: 0.031300 ms MarkObjects: 1.558600 ms  DeleteObjects: 0.015400 ms)

========================================================================
Received Prepare
Registering precompiled user dll's ...
Registered in 0.002752 seconds.
Begin MonoManager ReloadAssembly
Native extension for WindowsStandalone target not found
Native extension for WebGL target not found
Refreshing native plugins compatible for Editor in 0.30 ms, found 2 plugins.
Preloading 0 native plugins for Editor in 0.00 ms.
Mono: successfully reloaded assembly
- Completed reload, in  0.819 seconds
Platform modules already initialized, skipping
Refreshing native plugins compatible for Editor in 0.29 ms, found 2 plugins.
Preloading 0 native plugins for Editor in 0.00 ms.
Unloading 1393 Unused Serialized files (Serialized files now loaded: 0)
System memory in use before: 68.4 MB.
System memory in use after: 68.5 MB.

Unloading 13 unused Assets to reduce memory usage. Loaded Objects now: 1895.
Total: 1.801200 ms (FindLiveObjects: 0.139300 ms CreateObjectMapping: 0.030600 ms MarkObjects: 1.615500 ms  DeleteObjects: 0.014600 ms)

========================================================================
Received Prepare
Registering precompiled user dll's ...
Registered in 0.002652 seconds.
Begin MonoManager ReloadAssembly
Native extension for WindowsStandalone target not found
Native extension for WebGL target not found
Refreshing native plugins compatible for Editor in 0.30 ms, found 2 plugins.
Preloading 0 native plugins for Editor in 0.00 ms.
Mono: successfully reloaded assembly
- Completed reload, in  0.808 seconds
Platform modules already initialized, skipping
Refreshing native plugins compatible for Editor in 0.29 ms, found 2 plugins.
Preloading 0 native plugins for Editor in 0.00 ms.
Unloading 1393 Unused Serialized files (Serialized files now loaded: 0)
System memory in use before: 68.4 MB.
System memory in use after: 68.5 MB.

Unloading 13 unused Assets to reduce memory usage. Loaded Objects now: 1897.
Total: 1.971200 ms (FindLiveObjects: 0.152200 ms CreateObjectMapping: 0.029000 ms MarkObjects: 1.773700 ms  DeleteObjects: 0.015200 ms)

========================================================================
Received Prepare
Registering precompiled user dll's ...
Registered in 0.002721 seconds.
Begin MonoManager ReloadAssembly
Native extension for WindowsStandalone target not found
Native extension for WebGL target not found
Refreshing native plugins compatible for Editor in 0.32 ms, found 2 plugins.
Preloading 0 native plugins for Editor in 0.00 ms.
Mono: successfully reloaded assembly
- Completed reload, in  0.821 seconds
Platform modules already initialized, skipping
Refreshing native plugins compatible for Editor in 0.31 ms, found 2 plugins.
Preloading 0 native plugins for Editor in 0.00 ms.
Unloading 1393 Unused Serialized files (Serialized files now loaded: 0)
System memory in use before: 68.4 MB.
System memory in use after: 68.5 MB.

Unloading 13 unused Assets to reduce memory usage. Loaded Objects now: 1899.
Total: 1.955100 ms (FindLiveObjects: 0.152300 ms CreateObjectMapping: 0.031800 ms MarkObjects: 1.754200 ms  DeleteObjects: 0.015700 ms)

========================================================================
Received Import Request.
  Time since last request: 621.626044 seconds.
  path: Assets/Prefabs/Carta.prefab
  artifactKey: Guid(82d4b48bb070d1f4f908710123e7e859) Importer(815301076,1909f56bfc062723c751e8b465ee728b)
Start importing Assets/Prefabs/Carta.prefab using Guid(82d4b48bb070d1f4f908710123e7e859) Importer(815301076,1909f56bfc062723c751e8b465ee728b)  -> (artifact id: '013e86fefc56d07fd1ce3a407f0f32c2') in 0.046988 seconds
  Import took 0.049383 seconds .

========================================================================
Received Prepare
Registering precompiled user dll's ...
Registered in 0.002995 seconds.
Begin MonoManager ReloadAssembly
Native extension for WindowsStandalone target not found
Native extension for WebGL target not found
Refreshing native plugins compatible for Editor in 0.30 ms, found 2 plugins.
Preloading 0 native plugins for Editor in 0.00 ms.
Mono: successfully reloaded assembly
- Completed reload, in  0.809 seconds
Platform modules already initialized, skipping
Refreshing native plugins compatible for Editor in 0.28 ms, found 2 plugins.
Preloading 0 native plugins for Editor in 0.00 ms.
Unloading 1393 Unused Serialized files (Serialized files now loaded: 0)
System memory in use before: 68.4 MB.
System memory in use after: 68.5 MB.

Unloading 14 unused Assets to reduce memory usage. Loaded Objects now: 1902.
Total: 1.941100 ms (FindLiveObjects: 0.146000 ms CreateObjectMapping: 0.028200 ms MarkObjects: 1.746700 ms  DeleteObjects: 0.019200 ms)

========================================================================
Received Import Request.
  Time since last request: 93.629989 seconds.
  path: Assets/Prefabs/Carta.prefab
  artifactKey: Guid(82d4b48bb070d1f4f908710123e7e859) Importer(815301076,1909f56bfc062723c751e8b465ee728b)
Start importing Assets/Prefabs/Carta.prefab using Guid(82d4b48bb070d1f4f908710123e7e859) Importer(815301076,1909f56bfc062723c751e8b465ee728b)  -> (artifact id: '7cea8546bd2ec24d39c65ed7d440aef7') in 0.040596 seconds
  Import took 0.042635 seconds .

========================================================================
Received Prepare
Registering precompiled user dll's ...
Registered in 0.002773 seconds.
Begin MonoManager ReloadAssembly
Native extension for WindowsStandalone target not found
Native extension for WebGL target not found
Refreshing native plugins compatible for Editor in 0.29 ms, found 2 plugins.
Preloading 0 native plugins for Editor in 0.00 ms.
Mono: successfully reloaded assembly
- Completed reload, in  0.835 seconds
Platform modules already initialized, skipping
Refreshing native plugins compatible for Editor in 0.28 ms, found 2 plugins.
Preloading 0 native plugins for Editor in 0.00 ms.
Unloading 1393 Unused Serialized files (Serialized files now loaded: 0)
System memory in use before: 68.4 MB.
System memory in use after: 68.5 MB.

Unloading 14 unused Assets to reduce memory usage. Loaded Objects now: 1905.
Total: 1.878500 ms (FindLiveObjects: 0.161100 ms CreateObjectMapping: 0.028100 ms MarkObjects: 1.668000 ms  DeleteObjects: 0.020300 ms)

========================================================================
Received Prepare
Registering precompiled user dll's ...
Registered in 0.002902 seconds.
Begin MonoManager ReloadAssembly
Native extension for WindowsStandalone target not found
Native extension for WebGL target not found
Refreshing native plugins compatible for Editor in 0.30 ms, found 2 plugins.
Preloading 0 native plugins for Editor in 0.00 ms.
Mono: successfully reloaded assembly
- Completed reload, in  0.797 seconds
Platform modules already initialized, skipping
Refreshing native plugins compatible for Editor in 0.26 ms, found 2 plugins.
Preloading 0 native plugins for Editor in 0.00 ms.
Unloading 1393 Unused Serialized files (Serialized files now loaded: 0)
System memory in use before: 68.4 MB.
System memory in use after: 68.5 MB.

Unloading 13 unused Assets to reduce memory usage. Loaded Objects now: 1907.
Total: 1.687300 ms (FindLiveObjects: 0.157800 ms CreateObjectMapping: 0.040500 ms MarkObjects: 1.477000 ms  DeleteObjects: 0.011200 ms)

========================================================================
Received Prepare
Registering precompiled user dll's ...
Registered in 0.002922 seconds.
Begin MonoManager ReloadAssembly
Native extension for WindowsStandalone target not found
Native extension for WebGL target not found
Refreshing native plugins compatible for Editor in 0.34 ms, found 2 plugins.
Preloading 0 native plugins for Editor in 0.00 ms.
Mono: successfully reloaded assembly
- Completed reload, in  0.798 seconds
Platform modules already initialized, skipping
Refreshing native plugins compatible for Editor in 0.30 ms, found 2 plugins.
Preloading 0 native plugins for Editor in 0.00 ms.
Unloading 1393 Unused Serialized files (Serialized files now loaded: 0)
System memory in use before: 68.4 MB.
System memory in use after: 68.6 MB.

Unloading 13 unused Assets to reduce memory usage. Loaded Objects now: 1909.
Total: 1.697500 ms (FindLiveObjects: 0.168200 ms CreateObjectMapping: 0.033300 ms MarkObjects: 1.482500 ms  DeleteObjects: 0.012700 ms)

========================================================================
Received Prepare
Registering precompiled user dll's ...
Registered in 0.002866 seconds.
Begin MonoManager ReloadAssembly
Native extension for WindowsStandalone target not found
Native extension for WebGL target not found
Refreshing native plugins compatible for Editor in 0.40 ms, found 2 plugins.
Preloading 0 native plugins for Editor in 0.00 ms.
Mono: successfully reloaded assembly
- Completed reload, in  0.848 seconds
Platform modules already initialized, skipping
Refreshing native plugins compatible for Editor in 0.29 ms, found 2 plugins.
Preloading 0 native plugins for Editor in 0.00 ms.
Unloading 1393 Unused Serialized files (Serialized files now loaded: 0)
System memory in use before: 68.5 MB.
System memory in use after: 68.6 MB.

Unloading 13 unused Assets to reduce memory usage. Loaded Objects now: 1911.
Total: 1.990800 ms (FindLiveObjects: 0.140900 ms CreateObjectMapping: 0.029400 ms MarkObjects: 1.804400 ms  DeleteObjects: 0.015000 ms)

========================================================================
Received Prepare
Registering precompiled user dll's ...
Registered in 0.002701 seconds.
Begin MonoManager ReloadAssembly
Native extension for WindowsStandalone target not found
Native extension for WebGL target not found
Refreshing native plugins compatible for Editor in 0.31 ms, found 2 plugins.
Preloading 0 native plugins for Editor in 0.00 ms.
Mono: successfully reloaded assembly
- Completed reload, in  0.789 seconds
Platform modules already initialized, skipping
Refreshing native plugins compatible for Editor in 0.28 ms, found 2 plugins.
Preloading 0 native plugins for Editor in 0.00 ms.
Unloading 1393 Unused Serialized files (Serialized files now loaded: 0)
System memory in use before: 68.5 MB.
System memory in use after: 68.6 MB.

Unloading 13 unused Assets to reduce memory usage. Loaded Objects now: 1913.
Total: 1.979600 ms (FindLiveObjects: 0.148800 ms CreateObjectMapping: 0.028800 ms MarkObjects: 1.779100 ms  DeleteObjects: 0.021900 ms)

========================================================================
Received Prepare
Registering precompiled user dll's ...
Registered in 0.002842 seconds.
Begin MonoManager ReloadAssembly
Native extension for WindowsStandalone target not found
Native extension for WebGL target not found
Refreshing native plugins compatible for Editor in 0.31 ms, found 2 plugins.
Preloading 0 native plugins for Editor in 0.00 ms.
Mono: successfully reloaded assembly
- Completed reload, in  0.815 seconds
Platform modules already initialized, skipping
Refreshing native plugins compatible for Editor in 0.36 ms, found 2 plugins.
Preloading 0 native plugins for Editor in 0.00 ms.
Unloading 1393 Unused Serialized files (Serialized files now loaded: 0)
System memory in use before: 68.5 MB.
System memory in use after: 68.6 MB.

Unloading 13 unused Assets to reduce memory usage. Loaded Objects now: 1915.
Total: 2.224000 ms (FindLiveObjects: 0.169600 ms CreateObjectMapping: 0.033400 ms MarkObjects: 1.998200 ms  DeleteObjects: 0.021900 ms)

========================================================================
Received Import Request.
  Time since last request: 856.840493 seconds.
  path: Assets/Prefabs/Carta.prefab
  artifactKey: Guid(82d4b48bb070d1f4f908710123e7e859) Importer(815301076,1909f56bfc062723c751e8b465ee728b)
Start importing Assets/Prefabs/Carta.prefab using Guid(82d4b48bb070d1f4f908710123e7e859) Importer(815301076,1909f56bfc062723c751e8b465ee728b)  -> (artifact id: 'b25eecae6508acc4e79c8961e233a32f') in 0.041760 seconds
  Import took 0.044138 seconds .

========================================================================
Received Import Request.
  Time since last request: 0.681778 seconds.
  path: Assets/Prefabs/Carta.prefab
  artifactKey: Guid(82d4b48bb070d1f4f908710123e7e859) Importer(815301076,1909f56bfc062723c751e8b465ee728b)
Start importing Assets/Prefabs/Carta.prefab using Guid(82d4b48bb070d1f4f908710123e7e859) Importer(815301076,1909f56bfc062723c751e8b465ee728b)  -> (artifact id: 'e8a9a00686d5726b1ca0f7347d3e1273') in 0.005830 seconds
  Import took 0.007852 seconds .

========================================================================
Received Import Request.
  Time since last request: 0.013408 seconds.
  path: Assets/Prefabs/Carta.prefab
  artifactKey: Guid(82d4b48bb070d1f4f908710123e7e859) Importer(815301076,1909f56bfc062723c751e8b465ee728b)
Start importing Assets/Prefabs/Carta.prefab using Guid(82d4b48bb070d1f4f908710123e7e859) Importer(815301076,1909f56bfc062723c751e8b465ee728b)  -> (artifact id: 'e8a9a00686d5726b1ca0f7347d3e1273') in 0.006188 seconds
  Import took 0.008382 seconds .

========================================================================
Received Prepare
Registering precompiled user dll's ...
Registered in 0.002759 seconds.
Begin MonoManager ReloadAssembly
Native extension for WindowsStandalone target not found
Native extension for WebGL target not found
Refreshing native plugins compatible for Editor in 0.32 ms, found 2 plugins.
Preloading 0 native plugins for Editor in 0.00 ms.
Mono: successfully reloaded assembly
- Completed reload, in  0.816 seconds
Platform modules already initialized, skipping
Refreshing native plugins compatible for Editor in 0.28 ms, found 2 plugins.
Preloading 0 native plugins for Editor in 0.00 ms.
Unloading 1393 Unused Serialized files (Serialized files now loaded: 0)
System memory in use before: 68.5 MB.
System memory in use after: 68.6 MB.

Unloading 14 unused Assets to reduce memory usage. Loaded Objects now: 1918.
Total: 1.757100 ms (FindLiveObjects: 0.148000 ms CreateObjectMapping: 0.032500 ms MarkObjects: 1.560100 ms  DeleteObjects: 0.015300 ms)

========================================================================
Received Prepare
Registering precompiled user dll's ...
Registered in 0.002749 seconds.
Begin MonoManager ReloadAssembly
Native extension for WindowsStandalone target not found
Native extension for WebGL target not found
Refreshing native plugins compatible for Editor in 0.30 ms, found 2 plugins.
Preloading 0 native plugins for Editor in 0.00 ms.
Mono: successfully reloaded assembly
- Completed reload, in  0.795 seconds
Platform modules already initialized, skipping
Refreshing native plugins compatible for Editor in 0.31 ms, found 2 plugins.
Preloading 0 native plugins for Editor in 0.00 ms.
Unloading 1393 Unused Serialized files (Serialized files now loaded: 0)
System memory in use before: 68.5 MB.
System memory in use after: 68.6 MB.

Unloading 13 unused Assets to reduce memory usage. Loaded Objects now: 1920.
Total: 1.885500 ms (FindLiveObjects: 0.148100 ms CreateObjectMapping: 0.030400 ms MarkObjects: 1.690100 ms  DeleteObjects: 0.015700 ms)

========================================================================
Received Prepare
Registering precompiled user dll's ...
Registered in 0.002751 seconds.
Begin MonoManager ReloadAssembly
Native extension for WindowsStandalone target not found
Native extension for WebGL target not found
Refreshing native plugins compatible for Editor in 0.38 ms, found 2 plugins.
Preloading 0 native plugins for Editor in 0.00 ms.
Mono: successfully reloaded assembly
- Completed reload, in  0.818 seconds
Platform modules already initialized, skipping
Refreshing native plugins compatible for Editor in 0.25 ms, found 2 plugins.
Preloading 0 native plugins for Editor in 0.00 ms.
Unloading 1393 Unused Serialized files (Serialized files now loaded: 0)
System memory in use before: 68.5 MB.
System memory in use after: 68.6 MB.

Unloading 13 unused Assets to reduce memory usage. Loaded Objects now: 1922.
Total: 1.903100 ms (FindLiveObjects: 0.134000 ms CreateObjectMapping: 0.028900 ms MarkObjects: 1.719800 ms  DeleteObjects: 0.019100 ms)

========================================================================
Received Prepare
Registering precompiled user dll's ...
Registered in 0.002736 seconds.
Begin MonoManager ReloadAssembly
Native extension for WindowsStandalone target not found
Native extension for WebGL target not found
Refreshing native plugins compatible for Editor in 0.29 ms, found 2 plugins.
Preloading 0 native plugins for Editor in 0.00 ms.
Mono: successfully reloaded assembly
- Completed reload, in  0.792 seconds
Platform modules already initialized, skipping
Refreshing native plugins compatible for Editor in 0.30 ms, found 2 plugins.
Preloading 0 native plugins for Editor in 0.00 ms.
Unloading 1393 Unused Serialized files (Serialized files now loaded: 0)
System memory in use before: 68.5 MB.
System memory in use after: 68.6 MB.

Unloading 13 unused Assets to reduce memory usage. Loaded Objects now: 1924.
Total: 1.815600 ms (FindLiveObjects: 0.157400 ms CreateObjectMapping: 0.030100 ms MarkObjects: 1.610400 ms  DeleteObjects: 0.016700 ms)

AssetImportWorkerClient::OnTransportError - code=2 error=End of file
